[
  {
    "line": 1,
    "elements": [
      {
        "line": 27,
        "name": "Login Test Scenario",
        "description": "",
        "id": "login-feature;login-test-scenario;;2",
        "type": "scenario",
        "keyword": "Scenario Outline",
        "steps": [
          {
            "result": {
              "duration": 32290738055,
              "status": "passed"
            },
            "line": 17,
            "name": "user is already on Login Page",
            "match": {
              "location": "LoginSetDefiniation.user_is_already_on_Login_Page()"
            },
            "keyword": "Given "
          },
          {
            "result": {
              "duration": 53803227,
              "status": "passed"
            },
            "line": 18,
            "name": "title of login page",
            "match": {
              "location": "LoginSetDefiniation.title_of_login_page()"
            },
            "keyword": "When "
          },
          {
            "result": {
              "duration": 1793268644,
              "status": "passed"
            },
            "line": 19,
            "name": "user enters \"run2narendrakumar@gmail.com\" and \"Narendra@566\"",
            "match": {
              "arguments": [
                {
                  "val": "run2narendrakumar@gmail.com",
                  "offset": 13
                },
                {
                  "val": "Narendra@566",
                  "offset": 47
                }
              ],
              "location": "LoginSetDefiniation.user_enters_and(String,String)"
            },
            "matchedColumns": [
              0,
              1
            ],
            "keyword": "Then "
          },
          {
            "result": {
              "duration": 8695384469,
              "error_message": "org.openqa.selenium.ElementClickInterceptedException: element click intercepted: Element \u003cinput type\u003d\"submit\" class\u003d\"woocommerce-Button button\" name\u003d\"login\" value\u003d\"Login\"\u003e is not clickable at point (162, 65). Other element would receive the click: \u003cheader id\u003d\"header\" class\u003d\"pagewidth clearfix header-on-scroll\" itemscope\u003d\"itemscope\" itemtype\u003d\"https://schema.org/WPHeader\"\u003e...\u003c/header\u003e\n  (Session info: chrome\u003d83.0.4103.97)\nBuild info: version: \u00273.141.59\u0027, revision: \u0027e82be7d358\u0027, time: \u00272018-11-14T08:17:03\u0027\nSystem info: host: \u0027HP-PC\u0027, ip: \u0027192.168.225.172\u0027, os.name: \u0027Windows 7\u0027, os.arch: \u0027amd64\u0027, os.version: \u00276.1\u0027, java.version: \u00271.8.0_251\u0027\nDriver info: org.openqa.selenium.chrome.ChromeDriver\nCapabilities {acceptInsecureCerts: false, browserName: chrome, browserVersion: 83.0.4103.97, chrome: {chromedriverVersion: 83.0.4103.39 (ccbf011cb2d2b..., userDataDir: C:\\Users\\HPA760~1.HP-\\AppDa...}, goog:chromeOptions: {debuggerAddress: localhost:50199}, javascriptEnabled: true, networkConnectionEnabled: false, pageLoadStrategy: normal, platform: WINDOWS, platformName: WINDOWS, proxy: Proxy(), setWindowRect: true, strictFileInteractability: false, timeouts: {implicit: 0, pageLoad: 300000, script: 30000}, unhandledPromptBehavior: dismiss and notify, webauthn:virtualAuthenticators: true}\nSession ID: daad05f374e0372e8ebc476ef6d4cd80\r\n\tat sun.reflect.NativeConstructorAccessorImpl.newInstance0(Native Method)\r\n\tat sun.reflect.NativeConstructorAccessorImpl.newInstance(NativeConstructorAccessorImpl.java:62)\r\n\tat sun.reflect.DelegatingConstructorAccessorImpl.newInstance(DelegatingConstructorAccessorImpl.java:45)\r\n\tat java.lang.reflect.Constructor.newInstance(Constructor.java:423)\r\n\tat org.openqa.selenium.remote.http.W3CHttpResponseCodec.createException(W3CHttpResponseCodec.java:187)\r\n\tat org.openqa.selenium.remote.http.W3CHttpResponseCodec.decode(W3CHttpResponseCodec.java:122)\r\n\tat org.openqa.selenium.remote.http.W3CHttpResponseCodec.decode(W3CHttpResponseCodec.java:49)\r\n\tat org.openqa.selenium.remote.HttpCommandExecutor.execute(HttpCommandExecutor.java:158)\r\n\tat org.openqa.selenium.remote.service.DriverCommandExecutor.execute(DriverCommandExecutor.java:83)\r\n\tat org.openqa.selenium.remote.RemoteWebDriver.execute(RemoteWebDriver.java:552)\r\n\tat org.openqa.selenium.remote.RemoteWebElement.execute(RemoteWebElement.java:285)\r\n\tat org.openqa.selenium.remote.RemoteWebElement.click(RemoteWebElement.java:84)\r\n\tat com.SetDefinition.LoginSetDefiniation.user_clicks_on_login_button(LoginSetDefiniation.java:55)\r\n\tat ✽.Then user clicks on login button(Login.feature:20)\r\n",
              "status": "failed"
            },
            "line": 20,
            "name": "user clicks on login button",
            "match": {
              "location": "LoginSetDefiniation.user_clicks_on_login_button()"
            },
            "keyword": "Then "
          },
          {
            "result": {
              "status": "skipped"
            },
            "line": 21,
            "name": "user is on home page",
            "match": {
              "location": "LoginSetDefiniation.user_is_on_home_page()"
            },
            "keyword": "Then "
          },
          {
            "result": {
              "status": "skipped"
            },
            "line": 22,
            "name": "Close the browser",
            "match": {
              "location": "LoginSetDefiniation.close_the_browser()"
            },
            "keyword": "Then "
          }
        ]
      },
      {
        "line": 28,
        "name": "Login Test Scenario",
        "description": "",
        "id": "login-feature;login-test-scenario;;3",
        "type": "scenario",
        "keyword": "Scenario Outline",
        "steps": [
          {
            "result": {
              "duration": 20426463363,
              "status": "passed"
            },
            "line": 17,
            "name": "user is already on Login Page",
            "match": {
              "location": "LoginSetDefiniation.user_is_already_on_Login_Page()"
            },
            "keyword": "Given "
          },
          {
            "result": {
              "duration": 12811680,
              "status": "passed"
            },
            "line": 18,
            "name": "title of login page",
            "match": {
              "location": "LoginSetDefiniation.title_of_login_page()"
            },
            "keyword": "When "
          },
          {
            "result": {
              "duration": 1864906934,
              "status": "passed"
            },
            "line": 19,
            "name": "user enters \"narendra.chamana66@gmail.com\" and \"Nani@566\"",
            "match": {
              "arguments": [
                {
                  "val": "narendra.chamana66@gmail.com",
                  "offset": 13
                },
                {
                  "val": "Nani@566",
                  "offset": 48
                }
              ],
              "location": "LoginSetDefiniation.user_enters_and(String,String)"
            },
            "matchedColumns": [
              0,
              1
            ],
            "keyword": "Then "
          },
          {
            "result": {
              "duration": 10806750361,
              "status": "passed"
            },
            "line": 20,
            "name": "user clicks on login button",
            "match": {
              "location": "LoginSetDefiniation.user_clicks_on_login_button()"
            },
            "keyword": "Then "
          },
          {
            "result": {
              "duration": 40036973,
              "error_message": "org.openqa.selenium.NoSuchElementException: no such element: Unable to locate element: {\"method\":\"xpath\",\"selector\":\"//a[text()\u003d\u0027Sign out\u0027]\"}\n  (Session info: chrome\u003d83.0.4103.97)\nFor documentation on this error, please visit: https://www.seleniumhq.org/exceptions/no_such_element.html\nBuild info: version: \u00273.141.59\u0027, revision: \u0027e82be7d358\u0027, time: \u00272018-11-14T08:17:03\u0027\nSystem info: host: \u0027HP-PC\u0027, ip: \u0027192.168.225.172\u0027, os.name: \u0027Windows 7\u0027, os.arch: \u0027amd64\u0027, os.version: \u00276.1\u0027, java.version: \u00271.8.0_251\u0027\nDriver info: org.openqa.selenium.chrome.ChromeDriver\nCapabilities {acceptInsecureCerts: false, browserName: chrome, browserVersion: 83.0.4103.97, chrome: {chromedriverVersion: 83.0.4103.39 (ccbf011cb2d2b..., userDataDir: C:\\Users\\HPA760~1.HP-\\AppDa...}, goog:chromeOptions: {debuggerAddress: localhost:50296}, javascriptEnabled: true, networkConnectionEnabled: false, pageLoadStrategy: normal, platform: WINDOWS, platformName: WINDOWS, proxy: Proxy(), setWindowRect: true, strictFileInteractability: false, timeouts: {implicit: 0, pageLoad: 300000, script: 30000}, unhandledPromptBehavior: dismiss and notify, webauthn:virtualAuthenticators: true}\nSession ID: 50918e141d240734e4fc28bad406e284\n*** Element info: {Using\u003dxpath, value\u003d//a[text()\u003d\u0027Sign out\u0027]}\r\n\tat sun.reflect.NativeConstructorAccessorImpl.newInstance0(Native Method)\r\n\tat sun.reflect.NativeConstructorAccessorImpl.newInstance(NativeConstructorAccessorImpl.java:62)\r\n\tat sun.reflect.DelegatingConstructorAccessorImpl.newInstance(DelegatingConstructorAccessorImpl.java:45)\r\n\tat java.lang.reflect.Constructor.newInstance(Constructor.java:423)\r\n\tat org.openqa.selenium.remote.http.W3CHttpResponseCodec.createException(W3CHttpResponseCodec.java:187)\r\n\tat org.openqa.selenium.remote.http.W3CHttpResponseCodec.decode(W3CHttpResponseCodec.java:122)\r\n\tat org.openqa.selenium.remote.http.W3CHttpResponseCodec.decode(W3CHttpResponseCodec.java:49)\r\n\tat org.openqa.selenium.remote.HttpCommandExecutor.execute(HttpCommandExecutor.java:158)\r\n\tat org.openqa.selenium.remote.service.DriverCommandExecutor.execute(DriverCommandExecutor.java:83)\r\n\tat org.openqa.selenium.remote.RemoteWebDriver.execute(RemoteWebDriver.java:552)\r\n\tat org.openqa.selenium.remote.RemoteWebDriver.findElement(RemoteWebDriver.java:323)\r\n\tat org.openqa.selenium.remote.RemoteWebDriver.findElementByXPath(RemoteWebDriver.java:428)\r\n\tat org.openqa.selenium.By$ByXPath.findElement(By.java:353)\r\n\tat org.openqa.selenium.remote.RemoteWebDriver.findElement(RemoteWebDriver.java:315)\r\n\tat com.SetDefinition.LoginSetDefiniation.user_is_on_home_page(LoginSetDefiniation.java:61)\r\n\tat ✽.Then user is on home page(Login.feature:21)\r\n",
              "status": "failed"
            },
            "line": 21,
            "name": "user is on home page",
            "match": {
              "location": "LoginSetDefiniation.user_is_on_home_page()"
            },
            "keyword": "Then "
          },
          {
            "result": {
              "status": "skipped"
            },
            "line": 22,
            "name": "Close the browser",
            "match": {
              "location": "LoginSetDefiniation.close_the_browser()"
            },
            "keyword": "Then "
          }
        ]
      }
    ],
    "name": "Login Feature",
    "description": "",
    "id": "login-feature",
    "keyword": "Feature",
    "uri": "Login.feature"
  }
]